

Microchip MPLAB XC8 Assembler V2.41 build 20230208172133 
                                                                                               Wed Aug 30 20:47:00 2023

Microchip MPLAB XC8 C Compiler v2.41 (Free license) build 20230208172133 Og1 
     1                           	processor	18F4520
     2                           	fnconf	rparam,??,?,0
     3                           	pagewidth 120
     4                           	opt	flic
     5                           	psect	idataCOMRAM,global,class=CODE,delta=1,noexec
     6                           	psect	nvCOMRAM,global,class=COMRAM,space=1,delta=1,lowdata,noexec
     7                           	psect	cinit,global,reloc=2,class=CODE,delta=1
     8                           	psect	bssCOMRAM,global,class=COMRAM,space=1,delta=1,lowdata,noexec
     9                           	psect	dataCOMRAM,global,class=COMRAM,space=1,delta=1,lowdata,noexec
    10                           	psect	cstackCOMRAM,global,class=COMRAM,space=1,delta=1,lowdata,noexec
    11                           	psect	text0,global,reloc=2,class=CODE,delta=1
    12                           	psect	text1,global,reloc=2,class=CODE,delta=1
    13                           	psect	text2,global,reloc=2,class=CODE,delta=1
    14                           	psect	text3,global,reloc=2,class=CODE,delta=1
    15                           	psect	text4,global,reloc=2,class=CODE,delta=1
    16                           	psect	text5,global,reloc=2,class=CODE,delta=1
    17                           	psect	text6,global,reloc=2,class=CODE,delta=1
    18                           	psect	text7,global,reloc=2,class=CODE,delta=1
    19                           	psect	intsave_regs,global,class=BIGRAM,space=1,delta=1,noexec
    20                           	psect	rparam,global,class=COMRAM,space=1,delta=1,noexec
    21                           	psect	config,global,abs,ovrld,class=CONFIG,space=4,delta=1,noexec
    22   000000                     
    23                           ; Generated 23/03/2023 GMT
    24                           ; 
    25                           ; Copyright © 2023, Microchip Technology Inc. and its subsidiaries ("Microchip")
    26                           ; All rights reserved.
    27                           ; 
    28                           ; This software is developed by Microchip Technology Inc. and its subsidiaries ("Microch
      +                          ip").
    29                           ; 
    30                           ; Redistribution and use in source and binary forms, with or without modification, are
    31                           ; permitted provided that the following conditions are met:
    32                           ; 
    33                           ;     1. Redistributions of source code must retain the above copyright notice, this lis
      +                          t of
    34                           ;        conditions and the following disclaimer.
    35                           ; 
    36                           ;     2. Redistributions in binary form must reproduce the above copyright notice, this 
      +                          list
    37                           ;        of conditions and the following disclaimer in the documentation and/or other
    38                           ;        materials provided with the distribution. Publication is not required when
    39                           ;        this file is used in an embedded application.
    40                           ; 
    41                           ;     3. Microchip's name may not be used to endorse or promote products derived from th
      +                          is
    42                           ;        software without specific prior written permission.
    43                           ; 
    44                           ; THIS SOFTWARE IS PROVIDED BY MICROCHIP "AS IS" AND ANY EXPRESS OR IMPLIED WARRANTIES,
    45                           ; INCLUDING, BUT NOT LIMITED TO, THE IMPLIED WARRANTIES OF MERCHANTABILITY AND FITNESS F
      +                          OR
    46                           ; PURPOSE ARE DISCLAIMED.  IN NO EVENT SHALL MICROCHIP BE LIABLE FOR ANY DIRECT, INDIREC
      +                          T,
    47                           ; INCIDENTAL, SPECIAL, EXEMPLARY, OR CONSEQUENTIAL DAMAGES (INCLUDING BUT NOT LIMITED TO
    48                           ; PROCUREMENT OF SUBSTITUTE GOODS OR SERVICES; LOSS OF USE, DATA OR PROFITS; OR BUSINESS
    49                           ; INTERRUPTION) HOWSOEVER CAUSED AND ON ANY THEORY OF LIABILITY, WHETHER IN CONTRACT, ST
      +                          RICT
    50                           ; LIABILITY, OR TORT (INCLUDING NEGLIGENCE OR OTHERWISE) ARISING IN ANY WAY OUT OF THE U
      +                          SE OF
    51                           ; THIS SOFTWARE, EVEN IF ADVISED OF THE POSSIBILITY OF SUCH DAMAGE.
    52                           ; 
    53                           ; 
    54                           ; Code-generator required, PIC18F4520 Definitions
    55                           ; 
    56                           ; SFR Addresses
    57   000000                     
    58                           	psect	idataCOMRAM
    59   007B7C                     __pidataCOMRAM:
    60                           	callstack 0
    61                           
    62                           ;initializer for _conv7seg
    63   007B7C  3F                 	db	63
    64   007B7D  06                 	db	6
    65   007B7E  5B                 	db	91
    66   007B7F  4F                 	db	79
    67   007B80  66                 	db	102
    68   007B81  6D                 	db	109
    69   007B82  7D                 	db	125
    70   007B83  07                 	db	7
    71   007B84  7F                 	db	127
    72   007B85  6F                 	db	111
    73   007B86  77                 	db	119
    74   007B87  7C                 	db	124
    75   007B88  39                 	db	57
    76   007B89  5E                 	db	94
    77   007B8A  79                 	db	121
    78   007B8B  71                 	db	113
    79   007B8C  00                 	db	0
    80                           
    81                           ;initializer for entrada@ent_ant
    82   007B8D  FF                 	db	255
    83                           
    84                           	psect	nvCOMRAM
    85   00001B                     __pnvCOMRAM:
    86                           	callstack 0
    87   00001B                     _borda_d:
    88                           	callstack 0
    89   00001B                     	ds	1
    90   000000                     _LATA3	set	31819
    91   000000                     _PORTB	set	3969
    92   000000                     _TRISA	set	3986
    93   000000                     _ADCON1	set	4033
    94   000000                     _LATA2	set	31818
    95   000000                     _TRISD	set	3989
    96   000000                     _TRISB	set	3987
    97   000000                     _LATD	set	3980
    98                           
    99                           ; #config settings
   100                           
   101                           	psect	cinit
   102   007C02                     __pcinit:
   103                           	callstack 0
   104   007C02                     start_initialization:
   105                           	callstack 0
   106   007C02                     __initialization:
   107                           	callstack 0
   108                           
   109                           ; Initialize objects allocated to COMRAM (18 bytes)
   110                           ; load TBLPTR registers with __pidataCOMRAM
   111   007C02  0E7C               	movlw	low __pidataCOMRAM
   112   007C04  6EF6               	movwf	tblptrl,c
   113   007C06  0E7B               	movlw	high __pidataCOMRAM
   114   007C08  6EF7               	movwf	tblptrh,c
   115   007C0A  0E00               	movlw	low (__pidataCOMRAM shr (0+16))
   116   007C0C  6EF8               	movwf	tblptru,c
   117   007C0E  EE00  F001         	lfsr	0,__pdataCOMRAM
   118   007C12  EE10 F012          	lfsr	1,18
   119   007C16                     copy_data0:
   120   007C16  0009               	tblrd		*+
   121   007C18  CFF5 FFEE          	movff	tablat,postinc0
   122   007C1C  50E5               	movf	postdec1,w,c
   123   007C1E  50E1               	movf	fsr1l,w,c
   124   007C20  E1FA               	bnz	copy_data0
   125                           
   126                           ; Clear objects allocated to COMRAM (4 bytes)
   127   007C22  6A16               	clrf	(__pbssCOMRAM+3)& (0+255),c
   128   007C24  6A15               	clrf	(__pbssCOMRAM+2)& (0+255),c
   129   007C26  6A14               	clrf	(__pbssCOMRAM+1)& (0+255),c
   130   007C28  6A13               	clrf	__pbssCOMRAM& (0+255),c
   131   007C2A                     end_of_initialization:
   132                           	callstack 0
   133   007C2A                     __end_of__initialization:
   134                           	callstack 0
   135   007C2A  0E00               	movlw	low (__Lmediumconst shr (0+16))
   136   007C2C  6EF8               	movwf	tblptru,c
   137   007C2E  0100               	movlb	0
   138   007C30  EFB6  F03D         	goto	_main	;jump to C main() function
   139                           
   140                           	psect	bssCOMRAM
   141   000013                     __pbssCOMRAM:
   142                           	callstack 0
   143   000013                     _numero:
   144                           	callstack 0
   145   000013                     	ds	2
   146   000015                     _cont2:
   147                           	callstack 0
   148   000015                     	ds	1
   149   000016                     _cont1:
   150                           	callstack 0
   151   000016                     	ds	1
   152                           
   153                           	psect	dataCOMRAM
   154   000001                     __pdataCOMRAM:
   155                           	callstack 0
   156   000001                     _conv7seg:
   157                           	callstack 0
   158   000001                     	ds	17
   159   000012                     entrada@ent_ant:
   160                           	callstack 0
   161   000012                     	ds	1
   162                           
   163                           	psect	cstackCOMRAM
   164   000017                     __pcstackCOMRAM:
   165                           	callstack 0
   166   000017                     ??_processamento:
   167   000017                     entrada@ent_int:
   168                           	callstack 0
   169   000017                     atraso@tempo:
   170                           	callstack 0
   171                           
   172                           ; 2 bytes @ 0x0
   173   000017                     	ds	1
   174   000018                     entrada@ent_atual:
   175                           	callstack 0
   176                           
   177                           ; 1 bytes @ 0x1
   178   000018                     	ds	1
   179   000019                     atraso@contador:
   180                           	callstack 0
   181                           
   182                           ; 2 bytes @ 0x2
   183   000019                     	ds	2
   184   00001B                     
   185                           ; 1 bytes @ 0x4
   186 ;;
   187 ;;Main: autosize = 0, tempsize = 0, incstack = 0, save=0
   188 ;;
   189 ;; *************** function _main *****************
   190 ;; Defined at:
   191 ;;		line 46 in file "Trabalho1GabrielVasconcelos.c"
   192 ;; Parameters:    Size  Location     Type
   193 ;;		None
   194 ;; Auto vars:     Size  Location     Type
   195 ;;		None
   196 ;; Return value:  Size  Location     Type
   197 ;;                  2   36[None  ] int 
   198 ;; Registers used:
   199 ;;		wreg, fsr2l, fsr2h, status,2, status,0, cstack
   200 ;; Tracked objects:
   201 ;;		On entry : 0/0
   202 ;;		On exit  : 0/0
   203 ;;		Unchanged: 0/0
   204 ;; Data sizes:     COMRAM   BANK0   BANK1   BANK2   BANK3   BANK4   BANK5
   205 ;;      Params:         0       0       0       0       0       0       0
   206 ;;      Locals:         0       0       0       0       0       0       0
   207 ;;      Temps:          0       0       0       0       0       0       0
   208 ;;      Totals:         0       0       0       0       0       0       0
   209 ;;Total ram usage:        0 bytes
   210 ;; Hardware stack levels required when called: 3
   211 ;; This function calls:
   212 ;;		_loop
   213 ;;		_setup_hard
   214 ;; This function is called by:
   215 ;;		Startup code after reset
   216 ;; This function uses a non-reentrant model
   217 ;;
   218                           
   219                           	psect	text0
   220   007B6C                     __ptext0:
   221                           	callstack 0
   222   007B6C                     _main:
   223                           	callstack 28
   224   007B6C                     
   225                           ;Trabalho1GabrielVasconcelos.c: 48:     setup_hard();
   226   007B6C  ECC7  F03D         	call	_setup_hard	;wreg free
   227   007B70                     l1095:
   228   007B70  ECDC  F03D         	call	_loop	;wreg free
   229   007B74  EFB8  F03D         	goto	l1095
   230   007B78  EF00  F000         	goto	start
   231   007B7C                     __end_of_main:
   232                           	callstack 0
   233                           
   234 ;; *************** function _setup_hard *****************
   235 ;; Defined at:
   236 ;;		line 53 in file "Trabalho1GabrielVasconcelos.c"
   237 ;; Parameters:    Size  Location     Type
   238 ;;		None
   239 ;; Auto vars:     Size  Location     Type
   240 ;;		None
   241 ;; Return value:  Size  Location     Type
   242 ;;                  1    wreg      void 
   243 ;; Registers used:
   244 ;;		wreg, status,2, cstack
   245 ;; Tracked objects:
   246 ;;		On entry : 0/0
   247 ;;		On exit  : 0/0
   248 ;;		Unchanged: 0/0
   249 ;; Data sizes:     COMRAM   BANK0   BANK1   BANK2   BANK3   BANK4   BANK5
   250 ;;      Params:         0       0       0       0       0       0       0
   251 ;;      Locals:         0       0       0       0       0       0       0
   252 ;;      Temps:          0       0       0       0       0       0       0
   253 ;;      Totals:         0       0       0       0       0       0       0
   254 ;;Total ram usage:        0 bytes
   255 ;; Hardware stack levels used: 1
   256 ;; Hardware stack levels required when called: 1
   257 ;; This function calls:
   258 ;;		_setup
   259 ;; This function is called by:
   260 ;;		_main
   261 ;; This function uses a non-reentrant model
   262 ;;
   263                           
   264                           	psect	text1
   265   007B8E                     __ptext1:
   266                           	callstack 0
   267   007B8E                     _setup_hard:
   268                           	callstack 29
   269   007B8E                     
   270                           ;Trabalho1GabrielVasconcelos.c: 55:     ADCON1 = 0b00001111;
   271   007B8E  0E0F               	movlw	15
   272   007B90  6EC1               	movwf	193,c	;volatile
   273                           
   274                           ;Trabalho1GabrielVasconcelos.c: 56:     TRISA = 0b11000011;
   275   007B92  0EC3               	movlw	195
   276   007B94  6E92               	movwf	146,c	;volatile
   277   007B96                     
   278                           ;Trabalho1GabrielVasconcelos.c: 57:     TRISB = 0b11111111;
   279   007B96  6893               	setf	147,c	;volatile
   280                           
   281                           ;Trabalho1GabrielVasconcelos.c: 58:     TRISD = 0b00000000;
   282   007B98  0E00               	movlw	0
   283   007B9A  6E95               	movwf	149,c	;volatile
   284   007B9C                     
   285                           ;Trabalho1GabrielVasconcelos.c: 59:     setup();
   286   007B9C  ECB3  F03D         	call	_setup	;wreg free
   287   007BA0  0012               	return		;funcret
   288   007BA2                     __end_of_setup_hard:
   289                           	callstack 0
   290                           
   291 ;; *************** function _setup *****************
   292 ;; Defined at:
   293 ;;		line 83 in file "Trabalho1GabrielVasconcelos.c"
   294 ;; Parameters:    Size  Location     Type
   295 ;;		None
   296 ;; Auto vars:     Size  Location     Type
   297 ;;		None
   298 ;; Return value:  Size  Location     Type
   299 ;;                  1    wreg      void 
   300 ;; Registers used:
   301 ;;		None
   302 ;; Tracked objects:
   303 ;;		On entry : 0/0
   304 ;;		On exit  : 0/0
   305 ;;		Unchanged: 0/0
   306 ;; Data sizes:     COMRAM   BANK0   BANK1   BANK2   BANK3   BANK4   BANK5
   307 ;;      Params:         0       0       0       0       0       0       0
   308 ;;      Locals:         0       0       0       0       0       0       0
   309 ;;      Temps:          0       0       0       0       0       0       0
   310 ;;      Totals:         0       0       0       0       0       0       0
   311 ;;Total ram usage:        0 bytes
   312 ;; Hardware stack levels used: 1
   313 ;; This function calls:
   314 ;;		Nothing
   315 ;; This function is called by:
   316 ;;		_setup_hard
   317 ;; This function uses a non-reentrant model
   318 ;;
   319                           
   320                           	psect	text2
   321   007B66                     __ptext2:
   322                           	callstack 0
   323   007B66                     _setup:
   324                           	callstack 29
   325   007B66                     
   326                           ;Trabalho1GabrielVasconcelos.c: 85:     LATA2=LATA3=0;
   327   007B66  9689               	bcf	3977,3,c	;volatile
   328   007B68  9489               	bcf	3977,2,c	;volatile
   329   007B6A  0012               	return		;funcret
   330   007B6C                     __end_of_setup:
   331                           	callstack 0
   332                           
   333 ;; *************** function _loop *****************
   334 ;; Defined at:
   335 ;;		line 89 in file "Trabalho1GabrielVasconcelos.c"
   336 ;; Parameters:    Size  Location     Type
   337 ;;		None
   338 ;; Auto vars:     Size  Location     Type
   339 ;;		None
   340 ;; Return value:  Size  Location     Type
   341 ;;                  1    wreg      void 
   342 ;; Registers used:
   343 ;;		wreg, fsr2l, fsr2h, status,2, status,0, cstack
   344 ;; Tracked objects:
   345 ;;		On entry : 0/0
   346 ;;		On exit  : 0/0
   347 ;;		Unchanged: 0/0
   348 ;; Data sizes:     COMRAM   BANK0   BANK1   BANK2   BANK3   BANK4   BANK5
   349 ;;      Params:         0       0       0       0       0       0       0
   350 ;;      Locals:         0       0       0       0       0       0       0
   351 ;;      Temps:          0       0       0       0       0       0       0
   352 ;;      Totals:         0       0       0       0       0       0       0
   353 ;;Total ram usage:        0 bytes
   354 ;; Hardware stack levels used: 1
   355 ;; Hardware stack levels required when called: 2
   356 ;; This function calls:
   357 ;;		_atraso
   358 ;;		_entrada
   359 ;;		_processamento
   360 ;;		_saida
   361 ;; This function is called by:
   362 ;;		_main
   363 ;; This function uses a non-reentrant model
   364 ;;
   365                           
   366                           	psect	text3
   367   007BB8                     __ptext3:
   368                           	callstack 0
   369   007BB8                     _loop:
   370                           	callstack 28
   371   007BB8                     
   372                           ;Trabalho1GabrielVasconcelos.c: 90:     entrada();
   373   007BB8  ECD1  F03D         	call	_entrada	;wreg free
   374                           
   375                           ;Trabalho1GabrielVasconcelos.c: 91:     processamento();
   376   007BBC  EC3B  F03E         	call	_processamento	;wreg free
   377   007BC0                     
   378                           ;Trabalho1GabrielVasconcelos.c: 92:     saida();
   379   007BC0  EC1A  F03E         	call	_saida	;wreg free
   380   007BC4                     
   381                           ;Trabalho1GabrielVasconcelos.c: 93:     atraso(10);
   382   007BC4  0E00               	movlw	0
   383   007BC6  6E18               	movwf	(atraso@tempo+1)^0,c
   384   007BC8  0E0A               	movlw	10
   385   007BCA  6E17               	movwf	atraso@tempo^0,c
   386   007BCC  ECE9  F03D         	call	_atraso	;wreg free
   387   007BD0  0012               	return		;funcret
   388   007BD2                     __end_of_loop:
   389                           	callstack 0
   390                           
   391 ;; *************** function _saida *****************
   392 ;; Defined at:
   393 ;;		line 465 in file "Trabalho1GabrielVasconcelos.c"
   394 ;; Parameters:    Size  Location     Type
   395 ;;		None
   396 ;; Auto vars:     Size  Location     Type
   397 ;;  tempo           2    0        unsigned int 
   398 ;; Return value:  Size  Location     Type
   399 ;;                  1    wreg      void 
   400 ;; Registers used:
   401 ;;		wreg, fsr2l, fsr2h, status,2, status,0, cstack
   402 ;; Tracked objects:
   403 ;;		On entry : 0/0
   404 ;;		On exit  : 0/0
   405 ;;		Unchanged: 0/0
   406 ;; Data sizes:     COMRAM   BANK0   BANK1   BANK2   BANK3   BANK4   BANK5
   407 ;;      Params:         0       0       0       0       0       0       0
   408 ;;      Locals:         0       0       0       0       0       0       0
   409 ;;      Temps:          0       0       0       0       0       0       0
   410 ;;      Totals:         0       0       0       0       0       0       0
   411 ;;Total ram usage:        0 bytes
   412 ;; Hardware stack levels used: 1
   413 ;; Hardware stack levels required when called: 1
   414 ;; This function calls:
   415 ;;		_atraso
   416 ;; This function is called by:
   417 ;;		_loop
   418 ;; This function uses a non-reentrant model
   419 ;;
   420                           
   421                           	psect	text4
   422   007C34                     __ptext4:
   423                           	callstack 0
   424   007C34                     _saida:
   425                           	callstack 28
   426   007C34                     
   427                           ;Trabalho1GabrielVasconcelos.c: 468:     LATA3 = 0;
   428   007C34  9689               	bcf	3977,3,c	;volatile
   429   007C36                     
   430                           ;Trabalho1GabrielVasconcelos.c: 469:     LATA2 = 1;
   431   007C36  8489               	bsf	3977,2,c	;volatile
   432   007C38                     
   433                           ;Trabalho1GabrielVasconcelos.c: 470:     LATD = conv7seg[cont1];
   434   007C38  0E01               	movlw	low _conv7seg
   435   007C3A  2416               	addwf	_cont1^0,w,c
   436   007C3C  6ED9               	movwf	fsr2l,c
   437   007C3E  6ADA               	clrf	fsr2h,c
   438   007C40  0E00               	movlw	high _conv7seg
   439   007C42  22DA               	addwfc	fsr2h,f,c
   440   007C44  50DF               	movf	indf2,w,c
   441   007C46  6E8C               	movwf	140,c	;volatile
   442   007C48                     
   443                           ;Trabalho1GabrielVasconcelos.c: 471:     atraso(tempo);
   444   007C48  0E00               	movlw	0
   445   007C4A  6E18               	movwf	(atraso@tempo+1)^0,c
   446   007C4C  0E0A               	movlw	10
   447   007C4E  6E17               	movwf	atraso@tempo^0,c
   448   007C50  ECE9  F03D         	call	_atraso	;wreg free
   449   007C54                     
   450                           ;Trabalho1GabrielVasconcelos.c: 472:     LATA3 = 1;
   451   007C54  8689               	bsf	3977,3,c	;volatile
   452   007C56                     
   453                           ;Trabalho1GabrielVasconcelos.c: 473:     LATA2 = 0;
   454   007C56  9489               	bcf	3977,2,c	;volatile
   455   007C58                     
   456                           ;Trabalho1GabrielVasconcelos.c: 474:     LATD = conv7seg[cont2];
   457   007C58  0E01               	movlw	low _conv7seg
   458   007C5A  2415               	addwf	_cont2^0,w,c
   459   007C5C  6ED9               	movwf	fsr2l,c
   460   007C5E  6ADA               	clrf	fsr2h,c
   461   007C60  0E00               	movlw	high _conv7seg
   462   007C62  22DA               	addwfc	fsr2h,f,c
   463   007C64  50DF               	movf	indf2,w,c
   464   007C66  6E8C               	movwf	140,c	;volatile
   465   007C68                     
   466                           ;Trabalho1GabrielVasconcelos.c: 475:     atraso(tempo);
   467   007C68  0E00               	movlw	0
   468   007C6A  6E18               	movwf	(atraso@tempo+1)^0,c
   469   007C6C  0E0A               	movlw	10
   470   007C6E  6E17               	movwf	atraso@tempo^0,c
   471   007C70  ECE9  F03D         	call	_atraso	;wreg free
   472   007C74  0012               	return		;funcret
   473   007C76                     __end_of_saida:
   474                           	callstack 0
   475                           
   476 ;; *************** function _atraso *****************
   477 ;; Defined at:
   478 ;;		line 63 in file "Trabalho1GabrielVasconcelos.c"
   479 ;; Parameters:    Size  Location     Type
   480 ;;  tempo           2    0[COMRAM] unsigned int 
   481 ;; Auto vars:     Size  Location     Type
   482 ;;  contador        2    2[COMRAM] unsigned int 
   483 ;; Return value:  Size  Location     Type
   484 ;;                  1    wreg      void 
   485 ;; Registers used:
   486 ;;		wreg, status,2, status,0
   487 ;; Tracked objects:
   488 ;;		On entry : 0/0
   489 ;;		On exit  : 0/0
   490 ;;		Unchanged: 0/0
   491 ;; Data sizes:     COMRAM   BANK0   BANK1   BANK2   BANK3   BANK4   BANK5
   492 ;;      Params:         2       0       0       0       0       0       0
   493 ;;      Locals:         2       0       0       0       0       0       0
   494 ;;      Temps:          0       0       0       0       0       0       0
   495 ;;      Totals:         4       0       0       0       0       0       0
   496 ;;Total ram usage:        4 bytes
   497 ;; Hardware stack levels used: 1
   498 ;; This function calls:
   499 ;;		Nothing
   500 ;; This function is called by:
   501 ;;		_loop
   502 ;;		_saida
   503 ;; This function uses a non-reentrant model
   504 ;;
   505                           
   506                           	psect	text5
   507   007BD2                     __ptext5:
   508                           	callstack 0
   509   007BD2                     _atraso:
   510                           	callstack 28
   511   007BD2                     
   512                           ;Trabalho1GabrielVasconcelos.c: 65:     unsigned int contador=1;
   513   007BD2  0E00               	movlw	0
   514   007BD4  6E1A               	movwf	(atraso@contador+1)^0,c
   515   007BD6  0E01               	movlw	1
   516   007BD8  6E19               	movwf	atraso@contador^0,c
   517                           
   518                           ;Trabalho1GabrielVasconcelos.c: 67:     while (contador < tempo) {
   519   007BDA  EFF5  F03D         	goto	l46
   520   007BDE                     l1065:
   521                           
   522                           ;Trabalho1GabrielVasconcelos.c: 68:         _delay((unsigned long)((1)*(4000000/4000.0))
      +                          );
   523   007BDE  0EC8               	movlw	200
   524   007BE0                     u77:
   525   007BE0  D000               	nop2	
   526   007BE2  2EE8               	decfsz	wreg,f,c
   527   007BE4  D7FD               	bra	u77
   528   007BE6                     
   529                           ;Trabalho1GabrielVasconcelos.c: 69:         contador++;
   530   007BE6  4A19               	infsnz	atraso@contador^0,f,c
   531   007BE8  2A1A               	incf	(atraso@contador+1)^0,f,c
   532   007BEA                     l46:
   533                           
   534                           ;Trabalho1GabrielVasconcelos.c: 67:     while (contador < tempo) {
   535   007BEA  5017               	movf	atraso@tempo^0,w,c
   536   007BEC  5C19               	subwf	atraso@contador^0,w,c
   537   007BEE  5018               	movf	(atraso@tempo+1)^0,w,c
   538   007BF0  581A               	subwfb	(atraso@contador+1)^0,w,c
   539   007BF2  A0D8               	btfss	status,0,c
   540   007BF4  EFFE  F03D         	goto	u61
   541   007BF8  EF00  F03E         	goto	u60
   542   007BFC                     u61:
   543   007BFC  EFEF  F03D         	goto	l1065
   544   007C00                     u60:
   545   007C00  0012               	return		;funcret
   546   007C02                     __end_of_atraso:
   547                           	callstack 0
   548                           
   549 ;; *************** function _processamento *****************
   550 ;; Defined at:
   551 ;;		line 110 in file "Trabalho1GabrielVasconcelos.c"
   552 ;; Parameters:    Size  Location     Type
   553 ;;		None
   554 ;; Auto vars:     Size  Location     Type
   555 ;;		None
   556 ;; Return value:  Size  Location     Type
   557 ;;                  1    wreg      void 
   558 ;; Registers used:
   559 ;;		wreg, status,2, status,0
   560 ;; Tracked objects:
   561 ;;		On entry : 0/0
   562 ;;		On exit  : 0/0
   563 ;;		Unchanged: 0/0
   564 ;; Data sizes:     COMRAM   BANK0   BANK1   BANK2   BANK3   BANK4   BANK5
   565 ;;      Params:         0       0       0       0       0       0       0
   566 ;;      Locals:         0       0       0       0       0       0       0
   567 ;;      Temps:          2       0       0       0       0       0       0
   568 ;;      Totals:         2       0       0       0       0       0       0
   569 ;;Total ram usage:        2 bytes
   570 ;; Hardware stack levels used: 1
   571 ;; This function calls:
   572 ;;		Nothing
   573 ;; This function is called by:
   574 ;;		_loop
   575 ;; This function uses a non-reentrant model
   576 ;;
   577                           
   578                           	psect	text6
   579   007C76                     __ptext6:
   580                           	callstack 0
   581   007C76                     _processamento:
   582                           	callstack 29
   583   007C76                     
   584                           ;Trabalho1GabrielVasconcelos.c: 119:     if (borda_d & 0b00001000){
   585   007C76  A61B               	btfss	_borda_d^0,3,c
   586   007C78  EF40  F03E         	goto	u21
   587   007C7C  EF42  F03E         	goto	u20
   588   007C80                     u21:
   589   007C80  EFFF  F03F         	goto	l150
   590   007C84                     u20:
   591   007C84                     
   592                           ;Trabalho1GabrielVasconcelos.c: 120:         if(PORTB & 0b00010000){
   593   007C84  A881               	btfss	129,4,c	;volatile
   594   007C86  EF47  F03E         	goto	u31
   595   007C8A  EF49  F03E         	goto	u30
   596   007C8E                     u31:
   597   007C8E  EF5C  F03F         	goto	l72
   598   007C92                     u30:
   599   007C92                     
   600                           ;Trabalho1GabrielVasconcelos.c: 121:             if(PORTB & 0b00100000){
   601   007C92  AA81               	btfss	129,5,c	;volatile
   602   007C94  EF4E  F03E         	goto	u41
   603   007C98  EF50  F03E         	goto	u40
   604   007C9C                     u41:
   605   007C9C  EF0E  F03F         	goto	l921
   606   007CA0                     u40:
   607   007CA0  EF8E  F03E         	goto	l885
   608   007CA4                     l851:
   609                           
   610                           ;Trabalho1GabrielVasconcelos.c: 124:                         numero = 15;
   611   007CA4  0E00               	movlw	0
   612   007CA6  6E14               	movwf	(_numero+1)^0,c
   613   007CA8  0E0F               	movlw	15
   614   007CAA  6E13               	movwf	_numero^0,c
   615                           
   616                           ;Trabalho1GabrielVasconcelos.c: 125:                         cont1 = 1;
   617   007CAC  0E01               	movlw	1
   618   007CAE  6E16               	movwf	_cont1^0,c
   619                           
   620                           ;Trabalho1GabrielVasconcelos.c: 126:                         cont2 = 5;
   621   007CB0  0E05               	movlw	5
   622   007CB2  6E15               	movwf	_cont2^0,c
   623                           
   624                           ;Trabalho1GabrielVasconcelos.c: 127:                         break;
   625   007CB4  EFFF  F03F         	goto	l150
   626   007CB8                     l853:
   627                           
   628                           ;Trabalho1GabrielVasconcelos.c: 129:                         numero = 0;
   629   007CB8  0E00               	movlw	0
   630   007CBA  6E14               	movwf	(_numero+1)^0,c
   631   007CBC  0E00               	movlw	0
   632   007CBE  6E13               	movwf	_numero^0,c
   633                           
   634                           ;Trabalho1GabrielVasconcelos.c: 130:                         cont1 = 16;
   635   007CC0  0E10               	movlw	16
   636   007CC2  6E16               	movwf	_cont1^0,c
   637                           
   638                           ;Trabalho1GabrielVasconcelos.c: 131:                         cont2 = 0;
   639   007CC4  0E00               	movlw	0
   640   007CC6  6E15               	movwf	_cont2^0,c
   641                           
   642                           ;Trabalho1GabrielVasconcelos.c: 132:                         break;
   643   007CC8  EFFF  F03F         	goto	l150
   644   007CCC                     l859:
   645                           
   646                           ;Trabalho1GabrielVasconcelos.c: 144:                       numero = 3;
   647   007CCC  0E00               	movlw	0
   648   007CCE  6E14               	movwf	(_numero+1)^0,c
   649   007CD0  0E03               	movlw	3
   650   007CD2  6E13               	movwf	_numero^0,c
   651                           
   652                           ;Trabalho1GabrielVasconcelos.c: 145:                       cont1 = 16;
   653   007CD4  0E10               	movlw	16
   654   007CD6  6E16               	movwf	_cont1^0,c
   655                           
   656                           ;Trabalho1GabrielVasconcelos.c: 146:                       cont2 = 3;
   657   007CD8  0E03               	movlw	3
   658   007CDA  6E15               	movwf	_cont2^0,c
   659                           
   660                           ;Trabalho1GabrielVasconcelos.c: 147:                       break;
   661   007CDC  EFFF  F03F         	goto	l150
   662   007CE0                     l865:
   663                           
   664                           ;Trabalho1GabrielVasconcelos.c: 159:                       numero = 6;
   665   007CE0  0E00               	movlw	0
   666   007CE2  6E14               	movwf	(_numero+1)^0,c
   667   007CE4  0E06               	movlw	6
   668   007CE6  6E13               	movwf	_numero^0,c
   669                           
   670                           ;Trabalho1GabrielVasconcelos.c: 160:                       cont1 = 16;
   671   007CE8  0E10               	movlw	16
   672   007CEA  6E16               	movwf	_cont1^0,c
   673                           
   674                           ;Trabalho1GabrielVasconcelos.c: 161:                       cont2 = 6;
   675   007CEC  0E06               	movlw	6
   676   007CEE  6E15               	movwf	_cont2^0,c
   677                           
   678                           ;Trabalho1GabrielVasconcelos.c: 162:                       break;
   679   007CF0  EFFF  F03F         	goto	l150
   680   007CF4                     l871:
   681                           
   682                           ;Trabalho1GabrielVasconcelos.c: 174:                       numero = 9;
   683   007CF4  0E00               	movlw	0
   684   007CF6  6E14               	movwf	(_numero+1)^0,c
   685   007CF8  0E09               	movlw	9
   686   007CFA  6E13               	movwf	_numero^0,c
   687                           
   688                           ;Trabalho1GabrielVasconcelos.c: 175:                       cont1 = 16;
   689   007CFC  0E10               	movlw	16
   690   007CFE  6E16               	movwf	_cont1^0,c
   691                           
   692                           ;Trabalho1GabrielVasconcelos.c: 176:                       cont2 = 9;
   693   007D00  0E09               	movlw	9
   694   007D02  6E15               	movwf	_cont2^0,c
   695                           
   696                           ;Trabalho1GabrielVasconcelos.c: 177:                       break;
   697   007D04  EFFF  F03F         	goto	l150
   698   007D08                     l877:
   699                           
   700                           ;Trabalho1GabrielVasconcelos.c: 189:                       numero = 12;
   701   007D08  0E00               	movlw	0
   702   007D0A  6E14               	movwf	(_numero+1)^0,c
   703   007D0C  0E0C               	movlw	12
   704   007D0E  6E13               	movwf	_numero^0,c
   705                           
   706                           ;Trabalho1GabrielVasconcelos.c: 190:                       cont1 = 1;
   707   007D10  0E01               	movlw	1
   708   007D12  6E16               	movwf	_cont1^0,c
   709                           
   710                           ;Trabalho1GabrielVasconcelos.c: 191:                       cont2 = 2;
   711   007D14  0E02               	movlw	2
   712   007D16  6E15               	movwf	_cont2^0,c
   713                           
   714                           ;Trabalho1GabrielVasconcelos.c: 192:                       break;
   715   007D18  EFFF  F03F         	goto	l150
   716   007D1C                     l885:
   717   007D1C  C013  F017         	movff	_numero,??_processamento
   718   007D20  C014  F018         	movff	_numero+1,??_processamento+1
   719                           
   720                           ; Switch on 2 bytes has been partitioned into a top level switch of size 1, and 1 sub-sw
      +                          itches
   721                           ; Switch size 1, requested type "simple"
   722                           ; Number of cases is 1, Range of values is 0 to 0
   723                           ; switch strategies available:
   724                           ; Name         Instructions Cycles
   725                           ; simple_byte            4     3 (average)
   726                           ;	Chosen strategy is simple_byte
   727   007D24  5018               	movf	(??_processamento+1)^0,w,c
   728   007D26  0A00               	xorlw	0	; case 0
   729   007D28  B4D8               	btfsc	status,2,c
   730   007D2A  EF99  F03E         	goto	l1113
   731   007D2E  EFFF  F03F         	goto	l111
   732   007D32                     l1113:
   733                           
   734                           ; Switch size 1, requested type "simple"
   735                           ; Number of cases is 16, Range of values is 0 to 15
   736                           ; switch strategies available:
   737                           ; Name         Instructions Cycles
   738                           ; simple_byte           49    25 (average)
   739                           ;	Chosen strategy is simple_byte
   740   007D32  5017               	movf	??_processamento^0,w,c
   741   007D34  0A00               	xorlw	0	; case 0
   742   007D36  B4D8               	btfsc	status,2,c
   743   007D38  EF52  F03E         	goto	l851
   744   007D3C  0A01               	xorlw	1	; case 1
   745   007D3E  B4D8               	btfsc	status,2,c
   746   007D40  EF5C  F03E         	goto	l853
   747   007D44  0A03               	xorlw	3	; case 2
   748   007D46  B4D8               	btfsc	status,2,c
   749   007D48  EF5C  F03E         	goto	l853
   750   007D4C  0A01               	xorlw	1	; case 3
   751   007D4E  B4D8               	btfsc	status,2,c
   752   007D50  EF5C  F03E         	goto	l853
   753   007D54  0A07               	xorlw	7	; case 4
   754   007D56  B4D8               	btfsc	status,2,c
   755   007D58  EF66  F03E         	goto	l859
   756   007D5C  0A01               	xorlw	1	; case 5
   757   007D5E  B4D8               	btfsc	status,2,c
   758   007D60  EF66  F03E         	goto	l859
   759   007D64  0A03               	xorlw	3	; case 6
   760   007D66  B4D8               	btfsc	status,2,c
   761   007D68  EF66  F03E         	goto	l859
   762   007D6C  0A01               	xorlw	1	; case 7
   763   007D6E  B4D8               	btfsc	status,2,c
   764   007D70  EF70  F03E         	goto	l865
   765   007D74  0A0F               	xorlw	15	; case 8
   766   007D76  B4D8               	btfsc	status,2,c
   767   007D78  EF70  F03E         	goto	l865
   768   007D7C  0A01               	xorlw	1	; case 9
   769   007D7E  B4D8               	btfsc	status,2,c
   770   007D80  EF70  F03E         	goto	l865
   771   007D84  0A03               	xorlw	3	; case 10
   772   007D86  B4D8               	btfsc	status,2,c
   773   007D88  EF7A  F03E         	goto	l871
   774   007D8C  0A01               	xorlw	1	; case 11
   775   007D8E  B4D8               	btfsc	status,2,c
   776   007D90  EF7A  F03E         	goto	l871
   777   007D94  0A07               	xorlw	7	; case 12
   778   007D96  B4D8               	btfsc	status,2,c
   779   007D98  EF7A  F03E         	goto	l871
   780   007D9C  0A01               	xorlw	1	; case 13
   781   007D9E  B4D8               	btfsc	status,2,c
   782   007DA0  EF84  F03E         	goto	l877
   783   007DA4  0A03               	xorlw	3	; case 14
   784   007DA6  B4D8               	btfsc	status,2,c
   785   007DA8  EF84  F03E         	goto	l877
   786   007DAC  0A01               	xorlw	1	; case 15
   787   007DAE  B4D8               	btfsc	status,2,c
   788   007DB0  EF84  F03E         	goto	l877
   789   007DB4  EFFF  F03F         	goto	l111
   790   007DB8                     l887:
   791                           
   792                           ;Trabalho1GabrielVasconcelos.c: 209:                       numero = 13;
   793   007DB8  0E00               	movlw	0
   794   007DBA  6E14               	movwf	(_numero+1)^0,c
   795   007DBC  0E0D               	movlw	13
   796   007DBE  6E13               	movwf	_numero^0,c
   797                           
   798                           ;Trabalho1GabrielVasconcelos.c: 210:                       cont1 = 1;
   799   007DC0  0E01               	movlw	1
   800   007DC2  6E16               	movwf	_cont1^0,c
   801                           
   802                           ;Trabalho1GabrielVasconcelos.c: 211:                       cont2 = 3;
   803   007DC4  0E03               	movlw	3
   804   007DC6  6E15               	movwf	_cont2^0,c
   805                           
   806                           ;Trabalho1GabrielVasconcelos.c: 212:                       break;
   807   007DC8  EFFF  F03F         	goto	l150
   808   007DCC                     l893:
   809                           
   810                           ;Trabalho1GabrielVasconcelos.c: 224:                       numero = 2;
   811   007DCC  0E00               	movlw	0
   812   007DCE  6E14               	movwf	(_numero+1)^0,c
   813   007DD0  0E02               	movlw	2
   814   007DD2  6E13               	movwf	_numero^0,c
   815                           
   816                           ;Trabalho1GabrielVasconcelos.c: 225:                       cont1 = 16;
   817   007DD4  0E10               	movlw	16
   818   007DD6  6E16               	movwf	_cont1^0,c
   819                           
   820                           ;Trabalho1GabrielVasconcelos.c: 226:                       cont2 = 2;
   821   007DD8  0E02               	movlw	2
   822   007DDA  6E15               	movwf	_cont2^0,c
   823                           
   824                           ;Trabalho1GabrielVasconcelos.c: 227:                       break;
   825   007DDC  EFFF  F03F         	goto	l150
   826   007DE0                     l899:
   827                           
   828                           ;Trabalho1GabrielVasconcelos.c: 239:                       numero = 5;
   829   007DE0  0E00               	movlw	0
   830   007DE2  6E14               	movwf	(_numero+1)^0,c
   831   007DE4  0E05               	movlw	5
   832   007DE6  6E13               	movwf	_numero^0,c
   833                           
   834                           ;Trabalho1GabrielVasconcelos.c: 240:                       cont1 = 16;
   835   007DE8  0E10               	movlw	16
   836   007DEA  6E16               	movwf	_cont1^0,c
   837                           
   838                           ;Trabalho1GabrielVasconcelos.c: 241:                       cont2 = 5;
   839   007DEC  0E05               	movlw	5
   840   007DEE  6E15               	movwf	_cont2^0,c
   841                           
   842                           ;Trabalho1GabrielVasconcelos.c: 242:                       break;
   843   007DF0  EFFF  F03F         	goto	l150
   844   007DF4                     l903:
   845                           
   846                           ;Trabalho1GabrielVasconcelos.c: 249:                       numero = 7;
   847   007DF4  0E00               	movlw	0
   848   007DF6  6E14               	movwf	(_numero+1)^0,c
   849   007DF8  0E07               	movlw	7
   850   007DFA  6E13               	movwf	_numero^0,c
   851                           
   852                           ;Trabalho1GabrielVasconcelos.c: 250:                       cont1 = 16;
   853   007DFC  0E10               	movlw	16
   854   007DFE  6E16               	movwf	_cont1^0,c
   855                           
   856                           ;Trabalho1GabrielVasconcelos.c: 251:                       cont2 = 7;
   857   007E00  0E07               	movlw	7
   858   007E02  6E15               	movwf	_cont2^0,c
   859                           
   860                           ;Trabalho1GabrielVasconcelos.c: 252:                       break;
   861   007E04  EFFF  F03F         	goto	l150
   862   007E08                     l911:
   863                           
   864                           ;Trabalho1GabrielVasconcelos.c: 269:                       numero = 11;
   865   007E08  0E00               	movlw	0
   866   007E0A  6E14               	movwf	(_numero+1)^0,c
   867   007E0C  0E0B               	movlw	11
   868   007E0E  6E13               	movwf	_numero^0,c
   869                           
   870                           ;Trabalho1GabrielVasconcelos.c: 270:                       cont1 = 1;
   871   007E10  0E01               	movlw	1
   872   007E12  6E16               	movwf	_cont1^0,c
   873                           
   874                           ;Trabalho1GabrielVasconcelos.c: 271:                       cont2 = 1;
   875   007E14  0E01               	movlw	1
   876   007E16  6E15               	movwf	_cont2^0,c
   877                           
   878                           ;Trabalho1GabrielVasconcelos.c: 272:                       break;
   879   007E18  EFFF  F03F         	goto	l150
   880   007E1C                     l921:
   881   007E1C  C013  F017         	movff	_numero,??_processamento
   882   007E20  C014  F018         	movff	_numero+1,??_processamento+1
   883                           
   884                           ; Switch on 2 bytes has been partitioned into a top level switch of size 1, and 1 sub-sw
      +                          itches
   885                           ; Switch size 1, requested type "simple"
   886                           ; Number of cases is 1, Range of values is 0 to 0
   887                           ; switch strategies available:
   888                           ; Name         Instructions Cycles
   889                           ; simple_byte            4     3 (average)
   890                           ;	Chosen strategy is simple_byte
   891   007E24  5018               	movf	(??_processamento+1)^0,w,c
   892   007E26  0A00               	xorlw	0	; case 0
   893   007E28  B4D8               	btfsc	status,2,c
   894   007E2A  EF19  F03F         	goto	l1115
   895   007E2E  EFFF  F03F         	goto	l111
   896   007E32                     l1115:
   897                           
   898                           ; Switch size 1, requested type "simple"
   899                           ; Number of cases is 16, Range of values is 0 to 15
   900                           ; switch strategies available:
   901                           ; Name         Instructions Cycles
   902                           ; simple_byte           49    25 (average)
   903                           ;	Chosen strategy is simple_byte
   904   007E32  5017               	movf	??_processamento^0,w,c
   905   007E34  0A00               	xorlw	0	; case 0
   906   007E36  B4D8               	btfsc	status,2,c
   907   007E38  EFDC  F03E         	goto	l887
   908   007E3C  0A01               	xorlw	1	; case 1
   909   007E3E  B4D8               	btfsc	status,2,c
   910   007E40  EFDC  F03E         	goto	l887
   911   007E44  0A03               	xorlw	3	; case 2
   912   007E46  B4D8               	btfsc	status,2,c
   913   007E48  EFDC  F03E         	goto	l887
   914   007E4C  0A01               	xorlw	1	; case 3
   915   007E4E  B4D8               	btfsc	status,2,c
   916   007E50  EFE6  F03E         	goto	l893
   917   007E54  0A07               	xorlw	7	; case 4
   918   007E56  B4D8               	btfsc	status,2,c
   919   007E58  EF66  F03E         	goto	l859
   920   007E5C  0A01               	xorlw	1	; case 5
   921   007E5E  B4D8               	btfsc	status,2,c
   922   007E60  EF66  F03E         	goto	l859
   923   007E64  0A03               	xorlw	3	; case 6
   924   007E66  B4D8               	btfsc	status,2,c
   925   007E68  EFF0  F03E         	goto	l899
   926   007E6C  0A01               	xorlw	1	; case 7
   927   007E6E  B4D8               	btfsc	status,2,c
   928   007E70  EFF0  F03E         	goto	l899
   929   007E74  0A0F               	xorlw	15	; case 8
   930   007E76  B4D8               	btfsc	status,2,c
   931   007E78  EFFA  F03E         	goto	l903
   932   007E7C  0A01               	xorlw	1	; case 9
   933   007E7E  B4D8               	btfsc	status,2,c
   934   007E80  EFFA  F03E         	goto	l903
   935   007E84  0A03               	xorlw	3	; case 10
   936   007E86  B4D8               	btfsc	status,2,c
   937   007E88  EFFA  F03E         	goto	l903
   938   007E8C  0A01               	xorlw	1	; case 11
   939   007E8E  B4D8               	btfsc	status,2,c
   940   007E90  EFFA  F03E         	goto	l903
   941   007E94  0A07               	xorlw	7	; case 12
   942   007E96  B4D8               	btfsc	status,2,c
   943   007E98  EF04  F03F         	goto	l911
   944   007E9C  0A01               	xorlw	1	; case 13
   945   007E9E  B4D8               	btfsc	status,2,c
   946   007EA0  EF04  F03F         	goto	l911
   947   007EA4  0A03               	xorlw	3	; case 14
   948   007EA6  B4D8               	btfsc	status,2,c
   949   007EA8  EFDC  F03E         	goto	l887
   950   007EAC  0A01               	xorlw	1	; case 15
   951   007EAE  B4D8               	btfsc	status,2,c
   952   007EB0  EFDC  F03E         	goto	l887
   953   007EB4  EFFF  F03F         	goto	l111
   954   007EB8                     l72:
   955                           
   956                           ;Trabalho1GabrielVasconcelos.c: 294:             if(PORTB & 0b00100000){
   957   007EB8  AA81               	btfss	129,5,c	;volatile
   958   007EBA  EF61  F03F         	goto	u51
   959   007EBE  EF63  F03F         	goto	u50
   960   007EC2                     u51:
   961   007EC2  EFB1  F03F         	goto	l995
   962   007EC6                     u50:
   963   007EC6  C013  F017         	movff	_numero,??_processamento
   964   007ECA  C014  F018         	movff	_numero+1,??_processamento+1
   965                           
   966                           ; Switch on 2 bytes has been partitioned into a top level switch of size 1, and 1 sub-sw
      +                          itches
   967                           ; Switch size 1, requested type "simple"
   968                           ; Number of cases is 1, Range of values is 0 to 0
   969                           ; switch strategies available:
   970                           ; Name         Instructions Cycles
   971                           ; simple_byte            4     3 (average)
   972                           ;	Chosen strategy is simple_byte
   973   007ECE  5018               	movf	(??_processamento+1)^0,w,c
   974   007ED0  0A00               	xorlw	0	; case 0
   975   007ED2  B4D8               	btfsc	status,2,c
   976   007ED4  EF6E  F03F         	goto	l1117
   977   007ED8  EFFF  F03F         	goto	l111
   978   007EDC                     l1117:
   979                           
   980                           ; Switch size 1, requested type "simple"
   981                           ; Number of cases is 16, Range of values is 0 to 15
   982                           ; switch strategies available:
   983                           ; Name         Instructions Cycles
   984                           ; simple_byte           49    25 (average)
   985                           ;	Chosen strategy is simple_byte
   986   007EDC  5017               	movf	??_processamento^0,w,c
   987   007EDE  0A00               	xorlw	0	; case 0
   988   007EE0  B4D8               	btfsc	status,2,c
   989   007EE2  EF66  F03E         	goto	l859
   990   007EE6  0A01               	xorlw	1	; case 1
   991   007EE8  B4D8               	btfsc	status,2,c
   992   007EEA  EF66  F03E         	goto	l859
   993   007EEE  0A03               	xorlw	3	; case 2
   994   007EF0  B4D8               	btfsc	status,2,c
   995   007EF2  EF66  F03E         	goto	l859
   996   007EF6  0A01               	xorlw	1	; case 3
   997   007EF8  B4D8               	btfsc	status,2,c
   998   007EFA  EF70  F03E         	goto	l865
   999   007EFE  0A07               	xorlw	7	; case 4
  1000   007F00  B4D8               	btfsc	status,2,c
  1001   007F02  EF70  F03E         	goto	l865
  1002   007F06  0A01               	xorlw	1	; case 5
  1003   007F08  B4D8               	btfsc	status,2,c
  1004   007F0A  EF70  F03E         	goto	l865
  1005   007F0E  0A03               	xorlw	3	; case 6
  1006   007F10  B4D8               	btfsc	status,2,c
  1007   007F12  EF7A  F03E         	goto	l871
  1008   007F16  0A01               	xorlw	1	; case 7
  1009   007F18  B4D8               	btfsc	status,2,c
  1010   007F1A  EF7A  F03E         	goto	l871
  1011   007F1E  0A0F               	xorlw	15	; case 8
  1012   007F20  B4D8               	btfsc	status,2,c
  1013   007F22  EF7A  F03E         	goto	l871
  1014   007F26  0A01               	xorlw	1	; case 9
  1015   007F28  B4D8               	btfsc	status,2,c
  1016   007F2A  EF84  F03E         	goto	l877
  1017   007F2E  0A03               	xorlw	3	; case 10
  1018   007F30  B4D8               	btfsc	status,2,c
  1019   007F32  EF84  F03E         	goto	l877
  1020   007F36  0A01               	xorlw	1	; case 11
  1021   007F38  B4D8               	btfsc	status,2,c
  1022   007F3A  EF84  F03E         	goto	l877
  1023   007F3E  0A07               	xorlw	7	; case 12
  1024   007F40  B4D8               	btfsc	status,2,c
  1025   007F42  EF52  F03E         	goto	l851
  1026   007F46  0A01               	xorlw	1	; case 13
  1027   007F48  B4D8               	btfsc	status,2,c
  1028   007F4A  EF52  F03E         	goto	l851
  1029   007F4E  0A03               	xorlw	3	; case 14
  1030   007F50  B4D8               	btfsc	status,2,c
  1031   007F52  EF52  F03E         	goto	l851
  1032   007F56  0A01               	xorlw	1	; case 15
  1033   007F58  B4D8               	btfsc	status,2,c
  1034   007F5A  EF5C  F03E         	goto	l853
  1035   007F5E  EFFF  F03F         	goto	l111
  1036   007F62                     l995:
  1037   007F62  C013  F017         	movff	_numero,??_processamento
  1038   007F66  C014  F018         	movff	_numero+1,??_processamento+1
  1039                           
  1040                           ; Switch on 2 bytes has been partitioned into a top level switch of size 1, and 1 sub-sw
      +                          itches
  1041                           ; Switch size 1, requested type "simple"
  1042                           ; Number of cases is 1, Range of values is 0 to 0
  1043                           ; switch strategies available:
  1044                           ; Name         Instructions Cycles
  1045                           ; simple_byte            4     3 (average)
  1046                           ;	Chosen strategy is simple_byte
  1047   007F6A  5018               	movf	(??_processamento+1)^0,w,c
  1048   007F6C  0A00               	xorlw	0	; case 0
  1049   007F6E  B4D8               	btfsc	status,2,c
  1050   007F70  EFBC  F03F         	goto	l1119
  1051   007F74  EFFF  F03F         	goto	l111
  1052   007F78                     l1119:
  1053                           
  1054                           ; Switch size 1, requested type "simple"
  1055                           ; Number of cases is 16, Range of values is 0 to 15
  1056                           ; switch strategies available:
  1057                           ; Name         Instructions Cycles
  1058                           ; simple_byte           49    25 (average)
  1059                           ;	Chosen strategy is simple_byte
  1060   007F78  5017               	movf	??_processamento^0,w,c
  1061   007F7A  0A00               	xorlw	0	; case 0
  1062   007F7C  B4D8               	btfsc	status,2,c
  1063   007F7E  EFE6  F03E         	goto	l893
  1064   007F82  0A01               	xorlw	1	; case 1
  1065   007F84  B4D8               	btfsc	status,2,c
  1066   007F86  EFE6  F03E         	goto	l893
  1067   007F8A  0A03               	xorlw	3	; case 2
  1068   007F8C  B4D8               	btfsc	status,2,c
  1069   007F8E  EF66  F03E         	goto	l859
  1070   007F92  0A01               	xorlw	1	; case 3
  1071   007F94  B4D8               	btfsc	status,2,c
  1072   007F96  EFF0  F03E         	goto	l899
  1073   007F9A  0A07               	xorlw	7	; case 4
  1074   007F9C  B4D8               	btfsc	status,2,c
  1075   007F9E  EFF0  F03E         	goto	l899
  1076   007FA2  0A01               	xorlw	1	; case 5
  1077   007FA4  B4D8               	btfsc	status,2,c
  1078   007FA6  EFFA  F03E         	goto	l903
  1079   007FAA  0A03               	xorlw	3	; case 6
  1080   007FAC  B4D8               	btfsc	status,2,c
  1081   007FAE  EFFA  F03E         	goto	l903
  1082   007FB2  0A01               	xorlw	1	; case 7
  1083   007FB4  B4D8               	btfsc	status,2,c
  1084   007FB6  EF04  F03F         	goto	l911
  1085   007FBA  0A0F               	xorlw	15	; case 8
  1086   007FBC  B4D8               	btfsc	status,2,c
  1087   007FBE  EF04  F03F         	goto	l911
  1088   007FC2  0A01               	xorlw	1	; case 9
  1089   007FC4  B4D8               	btfsc	status,2,c
  1090   007FC6  EF04  F03F         	goto	l911
  1091   007FCA  0A03               	xorlw	3	; case 10
  1092   007FCC  B4D8               	btfsc	status,2,c
  1093   007FCE  EF04  F03F         	goto	l911
  1094   007FD2  0A01               	xorlw	1	; case 11
  1095   007FD4  B4D8               	btfsc	status,2,c
  1096   007FD6  EFDC  F03E         	goto	l887
  1097   007FDA  0A07               	xorlw	7	; case 12
  1098   007FDC  B4D8               	btfsc	status,2,c
  1099   007FDE  EFDC  F03E         	goto	l887
  1100   007FE2  0A01               	xorlw	1	; case 13
  1101   007FE4  B4D8               	btfsc	status,2,c
  1102   007FE6  EFE6  F03E         	goto	l893
  1103   007FEA  0A03               	xorlw	3	; case 14
  1104   007FEC  B4D8               	btfsc	status,2,c
  1105   007FEE  EFE6  F03E         	goto	l893
  1106   007FF2  0A01               	xorlw	1	; case 15
  1107   007FF4  B4D8               	btfsc	status,2,c
  1108   007FF6  EFE6  F03E         	goto	l893
  1109   007FFA  EFFF  F03F         	goto	l111
  1110   007FFE                     l111:
  1111   007FFE                     l150:
  1112   007FFE  0012               	return		;funcret
  1113   008000                     __end_of_processamento:
  1114                           	callstack 0
  1115                           
  1116 ;; *************** function _entrada *****************
  1117 ;; Defined at:
  1118 ;;		line 97 in file "Trabalho1GabrielVasconcelos.c"
  1119 ;; Parameters:    Size  Location     Type
  1120 ;;		None
  1121 ;; Auto vars:     Size  Location     Type
  1122 ;;  ent_atual       1    1[COMRAM] unsigned char 
  1123 ;;  ent_int         1    0[COMRAM] unsigned char 
  1124 ;; Return value:  Size  Location     Type
  1125 ;;                  1    wreg      void 
  1126 ;; Registers used:
  1127 ;;		wreg, status,2, status,0
  1128 ;; Tracked objects:
  1129 ;;		On entry : 0/0
  1130 ;;		On exit  : 0/0
  1131 ;;		Unchanged: 0/0
  1132 ;; Data sizes:     COMRAM   BANK0   BANK1   BANK2   BANK3   BANK4   BANK5
  1133 ;;      Params:         0       0       0       0       0       0       0
  1134 ;;      Locals:         2       0       0       0       0       0       0
  1135 ;;      Temps:          0       0       0       0       0       0       0
  1136 ;;      Totals:         2       0       0       0       0       0       0
  1137 ;;Total ram usage:        2 bytes
  1138 ;; Hardware stack levels used: 1
  1139 ;; This function calls:
  1140 ;;		Nothing
  1141 ;; This function is called by:
  1142 ;;		_loop
  1143 ;; This function uses a non-reentrant model
  1144 ;;
  1145                           
  1146                           	psect	text7
  1147   007BA2                     __ptext7:
  1148                           	callstack 0
  1149   007BA2                     _entrada:
  1150                           	callstack 29
  1151   007BA2                     
  1152                           ;Trabalho1GabrielVasconcelos.c: 98:     static unsigned char ent_ant=0b11111111;;Trabalh
      +                          o1GabrielVasconcelos.c: 99:     unsigned char ent_atual, ent_int;;Trabalho1GabrielVascon
      +                          celos.c: 101:     ent_atual = PORTB;
  1153   007BA2  CF81 F018          	movff	3969,entrada@ent_atual	;volatile
  1154   007BA6                     
  1155                           ;Trabalho1GabrielVasconcelos.c: 103:     ent_int = ent_atual ^ ent_ant;
  1156   007BA6  5018               	movf	entrada@ent_atual^0,w,c
  1157   007BA8  1812               	xorwf	entrada@ent_ant^0,w,c
  1158   007BAA  6E17               	movwf	entrada@ent_int^0,c
  1159                           
  1160                           ;Trabalho1GabrielVasconcelos.c: 104:     borda_d = ent_int & ent_ant;
  1161   007BAC  5017               	movf	entrada@ent_int^0,w,c
  1162   007BAE  1412               	andwf	entrada@ent_ant^0,w,c
  1163   007BB0  6E1B               	movwf	_borda_d^0,c
  1164   007BB2                     
  1165                           ;Trabalho1GabrielVasconcelos.c: 106:     ent_ant = ent_atual;
  1166   007BB2  C018  F012         	movff	entrada@ent_atual,entrada@ent_ant
  1167   007BB6  0012               	return		;funcret
  1168   007BB8                     __end_of_entrada:
  1169                           	callstack 0
  1170   000000                     
  1171                           	psect	rparam
  1172   000000                     
  1173                           	psect	config
  1174                           
  1175                           ; Padding undefined space
  1176   300000                     	org	3145728
  1177   300000  FF                 	db	255
  1178                           
  1179                           ;Config register CONFIG1H @ 0x300001
  1180                           ;	Oscillator Selection bits
  1181                           ;	OSC = HS, HS oscillator
  1182                           ;	Fail-Safe Clock Monitor Enable bit
  1183                           ;	FCMEN = OFF, Fail-Safe Clock Monitor disabled
  1184                           ;	Internal/External Oscillator Switchover bit
  1185                           ;	IESO = OFF, Oscillator Switchover mode disabled
  1186   300001                     	org	3145729
  1187   300001  02                 	db	2
  1188                           
  1189                           ;Config register CONFIG2L @ 0x300002
  1190                           ;	Power-up Timer Enable bit
  1191                           ;	PWRT = OFF, PWRT disabled
  1192                           ;	Brown-out Reset Enable bits
  1193                           ;	BOREN = SBORDIS, Brown-out Reset enabled in hardware only (SBOREN is disabled)
  1194                           ;	Brown Out Reset Voltage bits
  1195                           ;	BORV = 3, Minimum setting
  1196   300002                     	org	3145730
  1197   300002  1F                 	db	31
  1198                           
  1199                           ;Config register CONFIG2H @ 0x300003
  1200                           ;	Watchdog Timer Enable bit
  1201                           ;	WDT = OFF, WDT disabled (control is placed on the SWDTEN bit)
  1202                           ;	Watchdog Timer Postscale Select bits
  1203                           ;	WDTPS = 32768, 1:32768
  1204   300003                     	org	3145731
  1205   300003  1E                 	db	30
  1206                           
  1207                           ; Padding undefined space
  1208   300004                     	org	3145732
  1209   300004  FF                 	db	255
  1210                           
  1211                           ;Config register CONFIG3H @ 0x300005
  1212                           ;	CCP2 MUX bit
  1213                           ;	CCP2MX = PORTC, CCP2 input/output is multiplexed with RC1
  1214                           ;	PORTB A/D Enable bit
  1215                           ;	PBADEN = ON, PORTB<4:0> pins are configured as analog input channels on Reset
  1216                           ;	Low-Power Timer1 Oscillator Enable bit
  1217                           ;	LPT1OSC = OFF, Timer1 configured for higher power operation
  1218                           ;	MCLR Pin Enable bit
  1219                           ;	MCLRE = ON, MCLR pin enabled; RE3 input pin disabled
  1220   300005                     	org	3145733
  1221   300005  83                 	db	131
  1222                           
  1223                           ;Config register CONFIG4L @ 0x300006
  1224                           ;	Stack Full/Underflow Reset Enable bit
  1225                           ;	STVREN = ON, Stack full/underflow will cause Reset
  1226                           ;	Single-Supply ICSP Enable bit
  1227                           ;	LVP = OFF, Single-Supply ICSP disabled
  1228                           ;	Extended Instruction Set Enable bit
  1229                           ;	XINST = OFF, Instruction set extension and Indexed Addressing mode disabled (Legacy mo
      +                          de)
  1230                           ;	Background Debugger Enable bit
  1231                           ;	DEBUG = 0x1, unprogrammed default
  1232   300006                     	org	3145734
  1233   300006  81                 	db	129
  1234                           
  1235                           ; Padding undefined space
  1236   300007                     	org	3145735
  1237   300007  FF                 	db	255
  1238                           
  1239                           ;Config register CONFIG5L @ 0x300008
  1240                           ;	Code Protection bit
  1241                           ;	CP0 = OFF, Block 0 (000800-001FFFh) not code-protected
  1242                           ;	Code Protection bit
  1243                           ;	CP1 = OFF, Block 1 (002000-003FFFh) not code-protected
  1244                           ;	Code Protection bit
  1245                           ;	CP2 = OFF, Block 2 (004000-005FFFh) not code-protected
  1246                           ;	Code Protection bit
  1247                           ;	CP3 = OFF, Block 3 (006000-007FFFh) not code-protected
  1248   300008                     	org	3145736
  1249   300008  0F                 	db	15
  1250                           
  1251                           ;Config register CONFIG5H @ 0x300009
  1252                           ;	Boot Block Code Protection bit
  1253                           ;	CPB = OFF, Boot block (000000-0007FFh) not code-protected
  1254                           ;	Data EEPROM Code Protection bit
  1255                           ;	CPD = OFF, Data EEPROM not code-protected
  1256   300009                     	org	3145737
  1257   300009  C0                 	db	192
  1258                           
  1259                           ;Config register CONFIG6L @ 0x30000A
  1260                           ;	Write Protection bit
  1261                           ;	WRT0 = OFF, Block 0 (000800-001FFFh) not write-protected
  1262                           ;	Write Protection bit
  1263                           ;	WRT1 = OFF, Block 1 (002000-003FFFh) not write-protected
  1264                           ;	Write Protection bit
  1265                           ;	WRT2 = OFF, Block 2 (004000-005FFFh) not write-protected
  1266                           ;	Write Protection bit
  1267                           ;	WRT3 = OFF, Block 3 (006000-007FFFh) not write-protected
  1268   30000A                     	org	3145738
  1269   30000A  0F                 	db	15
  1270                           
  1271                           ;Config register CONFIG6H @ 0x30000B
  1272                           ;	Configuration Register Write Protection bit
  1273                           ;	WRTC = OFF, Configuration registers (300000-3000FFh) not write-protected
  1274                           ;	Boot Block Write Protection bit
  1275                           ;	WRTB = OFF, Boot block (000000-0007FFh) not write-protected
  1276                           ;	Data EEPROM Write Protection bit
  1277                           ;	WRTD = OFF, Data EEPROM not write-protected
  1278   30000B                     	org	3145739
  1279   30000B  E0                 	db	224
  1280                           
  1281                           ;Config register CONFIG7L @ 0x30000C
  1282                           ;	Table Read Protection bit
  1283                           ;	EBTR0 = OFF, Block 0 (000800-001FFFh) not protected from table reads executed in other
      +                           blocks
  1284                           ;	Table Read Protection bit
  1285                           ;	EBTR1 = OFF, Block 1 (002000-003FFFh) not protected from table reads executed in other
      +                           blocks
  1286                           ;	Table Read Protection bit
  1287                           ;	EBTR2 = OFF, Block 2 (004000-005FFFh) not protected from table reads executed in other
      +                           blocks
  1288                           ;	Table Read Protection bit
  1289                           ;	EBTR3 = OFF, Block 3 (006000-007FFFh) not protected from table reads executed in other
      +                           blocks
  1290   30000C                     	org	3145740
  1291   30000C  0F                 	db	15
  1292                           
  1293                           ;Config register CONFIG7H @ 0x30000D
  1294                           ;	Boot Block Table Read Protection bit
  1295                           ;	EBTRB = OFF, Boot block (000000-0007FFh) not protected from table reads executed in ot
      +                          her blocks
  1296   30000D                     	org	3145741
  1297   30000D  40                 	db	64
  1298                           tosu	equ	0xFFF
  1299                           tosh	equ	0xFFE
  1300                           tosl	equ	0xFFD
  1301                           stkptr	equ	0xFFC
  1302                           pclatu	equ	0xFFB
  1303                           pclath	equ	0xFFA
  1304                           pcl	equ	0xFF9
  1305                           tblptru	equ	0xFF8
  1306                           tblptrh	equ	0xFF7
  1307                           tblptrl	equ	0xFF6
  1308                           tablat	equ	0xFF5
  1309                           prodh	equ	0xFF4
  1310                           prodl	equ	0xFF3
  1311                           indf0	equ	0xFEF
  1312                           postinc0	equ	0xFEE
  1313                           postdec0	equ	0xFED
  1314                           preinc0	equ	0xFEC
  1315                           plusw0	equ	0xFEB
  1316                           fsr0h	equ	0xFEA
  1317                           fsr0l	equ	0xFE9
  1318                           wreg	equ	0xFE8
  1319                           indf1	equ	0xFE7
  1320                           postinc1	equ	0xFE6
  1321                           postdec1	equ	0xFE5
  1322                           preinc1	equ	0xFE4
  1323                           plusw1	equ	0xFE3
  1324                           fsr1h	equ	0xFE2
  1325                           fsr1l	equ	0xFE1
  1326                           bsr	equ	0xFE0
  1327                           indf2	equ	0xFDF
  1328                           postinc2	equ	0xFDE
  1329                           postdec2	equ	0xFDD
  1330                           preinc2	equ	0xFDC
  1331                           plusw2	equ	0xFDB
  1332                           fsr2h	equ	0xFDA
  1333                           fsr2l	equ	0xFD9
  1334                           status	equ	0xFD8

Data Sizes:
    Strings     0
    Constant    0
    Data        18
    BSS         4
    Persistent  1
    Stack       0

Auto Spaces:
    Space          Size  Autos    Used
    COMRAM          127      4      27
    BANK0           128      0       0
    BANK1           256      0       0
    BANK2           256      0       0
    BANK3           256      0       0
    BANK4           256      0       0
    BANK5           256      0       0

Pointer List with Targets:

    None.

Critical Paths under _main in COMRAM

    _loop->_atraso
    _saida->_atraso

Critical Paths under _main in BANK0

    None.

Critical Paths under _main in BANK1

    None.

Critical Paths under _main in BANK2

    None.

Critical Paths under _main in BANK3

    None.

Critical Paths under _main in BANK4

    None.

Critical Paths under _main in BANK5

    None.

Call Graph Tables:

 ---------------------------------------------------------------------------------
 (Depth) Function   	        Calls       Base Space   Used Autos Params    Refs
 ---------------------------------------------------------------------------------
 (0) _main                                                 0     0      0     638
                               _loop
                         _setup_hard
 ---------------------------------------------------------------------------------
 (1) _setup_hard                                           0     0      0       0
                              _setup
 ---------------------------------------------------------------------------------
 (2) _setup                                                0     0      0       0
 ---------------------------------------------------------------------------------
 (1) _loop                                                 0     0      0     638
                             _atraso
                            _entrada
                      _processamento
                              _saida
 ---------------------------------------------------------------------------------
 (2) _saida                                                2     2      0     319
                             _atraso
 ---------------------------------------------------------------------------------
 (3) _atraso                                               4     2      2     274
                                              0 COMRAM     4     2      2
 ---------------------------------------------------------------------------------
 (2) _processamento                                        2     2      0       0
                                              0 COMRAM     2     2      0
 ---------------------------------------------------------------------------------
 (2) _entrada                                              2     2      0      45
                                              0 COMRAM     2     2      0
 ---------------------------------------------------------------------------------
 Estimated maximum stack depth 3
 ---------------------------------------------------------------------------------

 Call Graph Graphs:

 _main (ROOT)
   _loop
     _atraso
     _entrada
     _processamento
     _saida
       _atraso
   _setup_hard
     _setup

 Address spaces:
Name               Size   Autos  Total    Cost      Usage
BIGRAM             5FF      0       0      24        0.0%
EEDATA             100      0       0       0        0.0%
BITBANK5           100      0       0      14        0.0%
BANK5              100      0       0      15        0.0%
BITBANK4           100      0       0      12        0.0%
BANK4              100      0       0      13        0.0%
BITBANK3           100      0       0      10        0.0%
BANK3              100      0       0      11        0.0%
BITBANK2           100      0       0       8        0.0%
BANK2              100      0       0       9        0.0%
BITBANK1           100      0       0       6        0.0%
BANK1              100      0       0       7        0.0%
BITBANK0            80      0       0       4        0.0%
BANK0               80      0       0       5        0.0%
BITCOMRAM           7F      0       0       0        0.0%
COMRAM              7F      4      1B       1       21.3%
BITBIGSFRh          3E      0       0      16        0.0%
BITBIGSFRlhh        2B      0       0      17        0.0%
BITBIGSFRlllh        7      0       0      21        0.0%
BITBIGSFRllhh        5      0       0      19        0.0%
BITBIGSFRllhl        2      0       0      20        0.0%
BITBIGSFRlhl         1      0       0      18        0.0%
BITBIGSFRllll        1      0       0      22        0.0%
BIGSFR               0      0       0     200        0.0%
BITSFR               0      0       0     200        0.0%
SFR                  0      0       0     200        0.0%
STACK                0      0       0       2        0.0%
NULL                 0      0       0       0        0.0%
ABS                  0      0      1B      23        0.0%
DATA                 0      0      1B       3        0.0%
CODE                 0      0       0       0        0.0%


Microchip Technology PIC18 Macro Assembler V2.41 build 20230208172133 
Symbol Table                                                                                   Wed Aug 30 20:47:00 2023

                     l43 7BA0                       l60 7B6A                       l46 7BEA  
                     l63 7BD0                       l72 7EB8                       l49 7C00  
                     l68 7BB6                       u20 7C84                       u21 7C80  
                     u30 7C92                       u31 7C8E                       u40 7CA0  
                     u41 7C9C                       u50 7EC6                       u51 7EC2  
                     u60 7C00                       u61 7BFC                       u77 7BE0  
                    l111 7FFE                      l150 7FFE                      l153 7C74  
                    l911 7E08                      l903 7DF4                      l841 7BB2  
                    l921 7E1C                      l851 7CA4                      l843 7C76  
                    l835 7B66                      l837 7BA2                      l853 7CB8  
                    l845 7C84                      l839 7BA6                      l871 7CF4  
                    l847 7C92                      l865 7CE0                      l859 7CCC  
                    l893 7DCC                      l877 7D08                      l885 7D1C  
                    l959 7EC6                      l887 7DB8                      l995 7F62  
                    l899 7DE0                      wreg 0FE8                     l1031 7B8E  
                   l1113 7D32                     l1033 7B96                     l1115 7E32  
                   l1035 7B9C                     l1117 7EDC                     l1119 7F78  
                   l1063 7BD2                     l1071 7C34                     l1065 7BDE  
                   l1081 7C56                     l1073 7C36                     l1067 7BE6  
                   l1083 7C58                     l1075 7C38                     l1091 7BC4  
                   l1085 7C68                     l1077 7C48                     l1069 7C34  
                   l1093 7B6C                     l1079 7C54                     l1087 7BB8  
                   l1095 7B70                     l1089 7BC0                     _LATD 0F8C  
                   _main 7B6C                     _loop 7BB8                     indf2 0FDF  
                   fsr1l 0FE1                     fsr2l 0FD9                     start 0000  
           ___param_bank 0000              atraso@tempo 0017                    ?_main 0017  
                  ?_loop 0017                    _LATA2 7C4A                    _LATA3 7C4B  
                  _PORTB 0F81                    _TRISA 0F92                    _TRISB 0F93  
                  _TRISD 0F95                    _cont1 0016                    _cont2 0015  
        __end_of_entrada 7BB8                    _saida 7C34                    _setup 7B66  
                  tablat 0FF5          ??_processamento 0017                    status 0FD8  
        __initialization 7C02             __end_of_main 7B7C             __end_of_loop 7BD2  
                 ??_main 001B                   ??_loop 001B            __activetblptr 0002  
                 _ADCON1 0FC1                   ?_saida 0017                   ?_setup 0017  
                 _atraso 7BD2                   isa$std 0001                   _numero 0013  
         entrada@ent_ant 0012           entrada@ent_int 0017                ??_entrada 0017  
           __pdataCOMRAM 0001                   tblptrh 0FF7                   tblptrl 0FF6  
                 tblptru 0FF8               __accesstop 0080  __end_of__initialization 7C2A  
          ___rparam_used 0001           __pcstackCOMRAM 0017            __end_of_saida 7C76  
          __end_of_setup 7B6C                  ??_saida 001B                  ??_setup 0017  
             __pnvCOMRAM 001B                  ?_atraso 0017                  __Hparam 0000  
                __Lparam 0000                  __pcinit 7C02                  __ramtop 0600  
                __ptext0 7B6C                  __ptext1 7B8E                  __ptext2 7B66  
                __ptext3 7BB8                  __ptext4 7C34                  __ptext5 7BD2  
                __ptext6 7C76                  __ptext7 7BA2                  _borda_d 001B  
                _entrada 7BA2     end_of_initialization 7C2A            __Lmediumconst 0000  
  __end_of_processamento 8000                  postdec1 0FE5                  postinc0 0FEE  
             _setup_hard 7B8E            __pidataCOMRAM 7B7C           __end_of_atraso 7C02  
    start_initialization 7C02           atraso@contador 0019                 ??_atraso 0019  
            ?_setup_hard 0017              __pbssCOMRAM 0013                 ?_entrada 0017  
              copy_data0 7C16                 __Hrparam 0000                 __Lrparam 0000  
               _conv7seg 0001                 isa$xinst 0000         entrada@ent_atual 0018  
           ??_setup_hard 0017            _processamento 7C76       __end_of_setup_hard 7BA2  
         ?_processamento 0017  
